TN:
SF:src/domain/FareRules.ts
FN:26,(anonymous_0)
FN:27,(anonymous_1)
FN:28,(anonymous_2)
FN:34,(anonymous_3)
FN:45,(anonymous_4)
FN:56,(anonymous_5)
FN:67,(anonymous_6)
FN:74,(anonymous_7)
FN:94,(anonymous_8)
FNF:9
FNH:9
FNDA:29,(anonymous_0)
FNDA:87,(anonymous_1)
FNDA:87,(anonymous_2)
FNDA:44,(anonymous_3)
FNDA:42,(anonymous_4)
FNDA:42,(anonymous_5)
FNDA:1,(anonymous_6)
FNDA:80,(anonymous_7)
FNDA:29,(anonymous_8)
DA:22,4
DA:27,87
DA:28,87
DA:35,44
DA:36,44
DA:37,1
DA:39,43
DA:46,42
DA:47,42
DA:48,1
DA:50,41
DA:57,42
DA:58,42
DA:59,1
DA:61,41
DA:68,1
DA:76,80
DA:77,80
DA:79,80
DA:80,93
DA:81,93
DA:82,93
DA:83,65
DA:84,65
DA:88,80
DA:95,29
DA:101,29
DA:107,29
LF:28
LH:28
BRDA:36,0,0,1
BRDA:39,1,0,33
BRDA:39,1,1,10
BRDA:47,2,0,1
BRDA:58,3,0,1
BRDA:82,4,0,65
BRF:6
BRH:6
end_of_record
TN:
SF:src/domain/Journey.ts
FN:2,(anonymous_0)
FN:10,(anonymous_1)
FN:21,(anonymous_2)
FN:27,(anonymous_3)
FN:37,(anonymous_4)
FN:54,(anonymous_5)
FNF:6
FNH:6
FNDA:65,(anonymous_0)
FNDA:65,(anonymous_1)
FNDA:77,(anonymous_2)
FNDA:39,(anonymous_3)
FNDA:81,(anonymous_4)
FNDA:39,(anonymous_5)
DA:1,5
DA:3,65
DA:4,65
DA:5,65
DA:7,65
DA:11,65
DA:17,4
DA:23,77
DA:24,77
DA:28,39
DA:31,39
DA:32,39
DA:33,39
DA:34,39
DA:38,81
DA:39,81
DA:40,81
DA:43,81
DA:45,81
DA:47,9
DA:50,72
DA:55,39
DA:56,39
DA:57,39
LF:24
LH:24
BRDA:11,0,0,4
BRDA:12,1,0,65
BRDA:12,1,1,64
BRDA:12,1,2,63
BRDA:12,1,3,62
BRDA:31,2,0,1
BRDA:31,2,1,38
BRDA:43,3,0,81
BRDA:43,3,1,79
BRDA:45,4,0,9
BRDA:45,4,1,72
BRDA:47,5,0,9
BRDA:47,5,1,9
BRDA:47,5,2,2
BRDA:47,5,3,1
BRDA:50,6,0,72
BRDA:50,6,1,72
BRDA:50,6,2,39
BRDA:50,6,3,26
BRF:19
BRH:19
end_of_record
TN:
SF:src/input/JourneyParser.ts
FN:24,(anonymous_0)
FN:33,(anonymous_1)
FN:38,(anonymous_2)
FN:66,(anonymous_3)
FN:78,(anonymous_4)
FN:79,(anonymous_5)
FN:109,(anonymous_6)
FNF:7
FNH:7
FNDA:5,(anonymous_0)
FNDA:4,(anonymous_1)
FNDA:4,(anonymous_2)
FNDA:6,(anonymous_3)
FNDA:7,(anonymous_4)
FNDA:20,(anonymous_5)
FNDA:5,(anonymous_6)
DA:1,1
DA:23,1
DA:25,5
DA:26,5
DA:27,4
DA:29,4
DA:34,4
DA:35,1
DA:38,3
DA:39,4
DA:44,1
DA:49,3
DA:50,3
DA:51,1
DA:56,2
DA:65,1
DA:67,6
DA:69,6
DA:70,1
DA:73,5
DA:76,5
DA:78,5
DA:79,20
DA:81,7
DA:82,1
DA:89,6
DA:90,6
DA:92,6
DA:93,1
DA:98,5
DA:99,5
DA:101,5
DA:102,1
DA:105,4
DA:110,5
DA:111,5
LF:36
LH:36
BRDA:34,0,0,1
BRDA:39,1,0,1
BRDA:40,2,0,4
BRDA:40,2,1,4
BRDA:40,2,2,4
BRDA:50,3,0,1
BRDA:69,4,0,1
BRDA:76,5,0,1
BRDA:76,5,1,4
BRDA:81,6,0,1
BRDA:92,7,0,1
BRDA:101,8,0,1
BRDA:101,9,0,5
BRDA:101,9,1,4
BRDA:112,10,0,5
BRDA:112,10,1,4
BRDA:112,10,2,4
BRF:17
BRH:17
end_of_record
TN:
SF:src/services/FareCalculationService.ts
FN:15,(anonymous_0)
FN:25,(anonymous_1)
FN:35,(anonymous_2)
FNF:3
FNH:3
FNDA:6,(anonymous_0)
FNDA:6,(anonymous_1)
FNDA:28,(anonymous_2)
DA:8,1
DA:14,1
DA:16,6
DA:17,6
DA:18,6
DA:26,6
DA:27,1
DA:34,5
DA:35,28
DA:38,5
DA:39,5
DA:40,5
DA:42,5
DA:43,31
DA:44,31
DA:51,31
DA:60,31
DA:63,5
LF:18
LH:18
BRDA:26,0,0,1
BRF:1
BRH:1
end_of_record
TN:
SF:src/strategies/CapStrategy.ts
FN:31,(anonymous_0)
FN:127,(anonymous_1)
FNF:2
FNH:2
FNDA:38,(anonymous_0)
FNDA:12,(anonymous_1)
DA:30,2
DA:37,38
DA:38,38
DA:39,38
DA:42,38
DA:43,13
DA:44,13
DA:46,38
DA:47,7
DA:48,7
DA:52,38
DA:53,38
DA:55,38
DA:56,38
DA:59,38
DA:67,38
DA:68,38
DA:70,38
DA:71,38
DA:73,38
DA:74,38
DA:76,38
DA:77,38
DA:80,38
DA:81,38
DA:83,1
DA:90,37
DA:91,1
DA:98,36
DA:104,36
DA:107,36
DA:108,7
DA:109,1
DA:111,6
DA:116,36
DA:117,36
DA:119,36
DA:126,2
DA:128,12
LF:39
LH:39
BRDA:42,0,0,13
BRDA:46,1,0,7
BRDA:77,2,0,32
BRDA:77,2,1,6
BRDA:81,3,0,1
BRDA:90,4,0,1
BRDA:107,5,0,7
BRDA:108,6,0,1
BRDA:108,6,1,6
BRF:9
BRH:9
end_of_record
TN:
SF:src/strategies/FareStrategy.ts
FN:16,(anonymous_0)
FNF:1
FNH:1
FNDA:37,(anonymous_0)
DA:15,2
DA:17,37
DA:18,37
DA:19,37
LF:4
LH:4
BRF:0
BRH:0
end_of_record
